<?xml version="1.0" encoding="UTF-8"?>
<!-- Generated by org.testng.reporters.JUnitReportReporter -->
<testsuite ignored="0" hostname="LAPTOP-SAUL" failures="0" tests="1" name="CoolTesters_NyrhCloud.Selenium.AppTest" time="0.018" errors="0" timestamp="12 sep 2020 13:56:32 GMT" skipped="0">
  <testcase classname="CoolTesters_NyrhCloud.Selenium.AppTest" name="testApp" time="0.018"/>
</testsuite> <!-- CoolTesters_NyrhCloud.Selenium.AppTest -->
